[     630ms] [ERROR] Failed to load resource: the server responded with a status of 502 () @ https://staging.chavesnamao.com.br/manifest.json:0
[     630ms] [ERROR] Manifest fetch from https://staging.chavesnamao.com.br/manifest.json failed, code 502 @ https://staging.chavesnamao.com.br/imoveis/sp-sao-paulo/:0
[     762ms] [ERROR] Failed to load resource: the server responded with a status of 502 () @ https://staging.chavesnamao.com.br/manifest.json:0
[     763ms] [ERROR] Manifest fetch from https://staging.chavesnamao.com.br/manifest.json failed, code 502 @ https://staging.chavesnamao.com.br/imoveis/sp-sao-paulo/:0
[    1860ms] [ERROR] Failed to load resource: the server responded with a status of 502 () @ https://staging.chavesnamao.com.br/imoveis/estatisticas/index/:0
[    1860ms] [ERROR] HTTP Error: 502 -  @ https://cdn.chavesnamao.com.br/portal-staging/build/933dbef79d745656996e9086f345d2e015bbdb14/_next/static/chunks/39458-b06b6711bad10ab5.js:5
[    5044ms] [WARNING] The resource https://cdn.chavesnamao.com.br/portal-staging/build/933dbef79d745656996e9086f345d2e015bbdb14/_next/static/chunks/31854.98606b1ad92f83ad.js was preloaded using link preload but not used within a few seconds from the window's load event. Please make sure it has an appropriate `as` value and it is preloaded intentionally. @ https://staging.chavesnamao.com.br/imoveis/sp-sao-paulo/:0
[    5044ms] [WARNING] The resource https://cdn.chavesnamao.com.br/common/logos/favicon.ico was preloaded using link preload but not used within a few seconds from the window's load event. Please make sure it has an appropriate `as` value and it is preloaded intentionally. @ https://staging.chavesnamao.com.br/imoveis/sp-sao-paulo/:0
[    5044ms] [WARNING] The resource https://cdn.chavesnamao.com.br/portal/static/images/icons/icon-192x192.png was preloaded using link preload but not used within a few seconds from the window's load event. Please make sure it has an appropriate `as` value and it is preloaded intentionally. @ https://staging.chavesnamao.com.br/imoveis/sp-sao-paulo/:0
[    9932ms] [WARNING] The resource https://cdn.chavesnamao.com.br/portal-staging/build/933dbef79d745656996e9086f345d2e015bbdb14/_next/static/chunks/31854.98606b1ad92f83ad.js was preloaded using link preload but not used within a few seconds from the window's load event. Please make sure it has an appropriate `as` value and it is preloaded intentionally. @ https://staging.chavesnamao.com.br/imoveis/sp-sao-paulo/:0
[    9932ms] [WARNING] The resource https://cdn.chavesnamao.com.br/common/logos/favicon.ico was preloaded using link preload but not used within a few seconds from the window's load event. Please make sure it has an appropriate `as` value and it is preloaded intentionally. @ https://staging.chavesnamao.com.br/imoveis/sp-sao-paulo/:0
[    9932ms] [WARNING] The resource https://cdn.chavesnamao.com.br/portal/static/images/icons/icon-192x192.png was preloaded using link preload but not used within a few seconds from the window's load event. Please make sure it has an appropriate `as` value and it is preloaded intentionally. @ https://staging.chavesnamao.com.br/imoveis/sp-sao-paulo/:0
[   11580ms] [LOG] ✅ body available @ https://cdn.chavesnamao.com.br/portal-staging/build/933dbef79d745656996e9086f345d2e015bbdb14/_next/static/chunks/39458-b06b6711bad10ab5.js:5
[   12485ms] [WARNING] [GPT] PubAdsService.setTargeting is deprecated, use googletag.setConfig({targeting: ...}) instead.
https://goo.gle/gpt-message#170 @ https://cdn.chavesnamao.com.br/portal-staging/build/933dbef79d745656996e9086f345d2e015bbdb14/_next/static/chunks/39458-b06b6711bad10ab5.js:5
[   12811ms] [WARNING] [GPT] Using deprecated googletag.encryptedSignalProviders. Please use googletag.secureSignalProviders instead.
https://goo.gle/gpt-message#155 @ https://cdn.chavesnamao.com.br/portal-staging/build/933dbef79d745656996e9086f345d2e015bbdb14/_next/static/chunks/39458-b06b6711bad10ab5.js:5
[   13823ms] [WARNING] [GPT] Using deprecated googletag.encryptedSignalProviders. Please use googletag.secureSignalProviders instead.
https://goo.gle/gpt-message#155 @ https://cdn.chavesnamao.com.br/portal-staging/build/933dbef79d745656996e9086f345d2e015bbdb14/_next/static/chunks/39458-b06b6711bad10ab5.js:5
[   16990ms] [WARNING] The resource https://cdn.chavesnamao.com.br/portal-staging/build/933dbef79d745656996e9086f345d2e015bbdb14/_next/static/chunks/31854.98606b1ad92f83ad.js was preloaded using link preload but not used within a few seconds from the window's load event. Please make sure it has an appropriate `as` value and it is preloaded intentionally. @ https://staging.chavesnamao.com.br/imoveis/sp-sao-paulo/:0
[   16990ms] [WARNING] The resource https://cdn.chavesnamao.com.br/common/logos/favicon.ico was preloaded using link preload but not used within a few seconds from the window's load event. Please make sure it has an appropriate `as` value and it is preloaded intentionally. @ https://staging.chavesnamao.com.br/imoveis/sp-sao-paulo/:0
[   16990ms] [WARNING] The resource https://cdn.consentmanager.net/delivery/js/cmp_en.min.js was preloaded using link preload but not used within a few seconds from the window's load event. Please make sure it has an appropriate `as` value and it is preloaded intentionally. @ https://staging.chavesnamao.com.br/imoveis/sp-sao-paulo/:0
[   16990ms] [WARNING] The resource https://cdn.chavesnamao.com.br/portal/static/images/icons/icon-192x192.png was preloaded using link preload but not used within a few seconds from the window's load event. Please make sure it has an appropriate `as` value and it is preloaded intentionally. @ https://staging.chavesnamao.com.br/imoveis/sp-sao-paulo/:0
[   23618ms] [WARNING] The resource https://cdn.chavesnamao.com.br/portal-staging/build/933dbef79d745656996e9086f345d2e015bbdb14/_next/static/chunks/31854.98606b1ad92f83ad.js was preloaded using link preload but not used within a few seconds from the window's load event. Please make sure it has an appropriate `as` value and it is preloaded intentionally. @ https://staging.chavesnamao.com.br/imoveis/sp-sao-paulo/:0
[   23618ms] [WARNING] The resource https://cdn.chavesnamao.com.br/common/logos/favicon.ico was preloaded using link preload but not used within a few seconds from the window's load event. Please make sure it has an appropriate `as` value and it is preloaded intentionally. @ https://staging.chavesnamao.com.br/imoveis/sp-sao-paulo/:0
[   23618ms] [WARNING] The resource https://cdn.consentmanager.net/delivery/js/cmp_en.min.js was preloaded using link preload but not used within a few seconds from the window's load event. Please make sure it has an appropriate `as` value and it is preloaded intentionally. @ https://staging.chavesnamao.com.br/imoveis/sp-sao-paulo/:0
[   23618ms] [WARNING] The resource https://cdn.chavesnamao.com.br/portal/static/images/icons/icon-192x192.png was preloaded using link preload but not used within a few seconds from the window's load event. Please make sure it has an appropriate `as` value and it is preloaded intentionally. @ https://staging.chavesnamao.com.br/imoveis/sp-sao-paulo/:0
