[     469ms] [ERROR] Failed to load resource: the server responded with a status of 502 () @ https://staging.chavesnamao.com.br/manifest.json:0
[     470ms] [ERROR] Manifest fetch from https://staging.chavesnamao.com.br/manifest.json failed, code 502 @ https://staging.chavesnamao.com.br/imoveis/brasil/?filtro=pmin:99000000,pmax:100000000:0
[     526ms] [ERROR] Failed to load resource: the server responded with a status of 502 () @ https://staging.chavesnamao.com.br/manifest.json:0
[     526ms] [ERROR] Manifest fetch from https://staging.chavesnamao.com.br/manifest.json failed, code 502 @ https://staging.chavesnamao.com.br/imoveis/brasil/?filtro=pmin:99000000,pmax:100000000:0
[    1134ms] [WARNING] Geolocation permission has been blocked as the user has ignored the permission prompt several times. This can be reset in Page Info which can be accessed by clicking the tune icon next to the URL. See https://www.chromestatus.com/feature/6443143280984064 for more information. @ https://staging.chavesnamao.com.br/imoveis/brasil/?filtro=pmin:99000000,pmax:100000000:0
[    1613ms] [ERROR] Failed to load resource: the server responded with a status of 502 () @ https://staging.chavesnamao.com.br/imoveis/estatisticas/index/:0
[    1613ms] [ERROR] HTTP Error: 502 -  @ https://cdn.chavesnamao.com.br/portal-staging/build/c2ca03d6696a956309c5e22c717f1b60dbdee75f/_next/static/chunks/39458-912b00123e196dc4.js:5
[    4768ms] [WARNING] The resource https://cdn.chavesnamao.com.br/common/logos/favicon.ico was preloaded using link preload but not used within a few seconds from the window's load event. Please make sure it has an appropriate `as` value and it is preloaded intentionally. @ https://staging.chavesnamao.com.br/imoveis/brasil/?filtro=pmin:99000000,pmax:100000000:0
[    4768ms] [WARNING] The resource https://cdn.chavesnamao.com.br/portal-staging/build/c2ca03d6696a956309c5e22c717f1b60dbdee75f/_next/static/chunks/31854.98606b1ad92f83ad.js was preloaded using link preload but not used within a few seconds from the window's load event. Please make sure it has an appropriate `as` value and it is preloaded intentionally. @ https://staging.chavesnamao.com.br/imoveis/brasil/?filtro=pmin:99000000,pmax:100000000:0
[    4768ms] [WARNING] The resource https://cdn.chavesnamao.com.br/portal/static/images/icons/icon-192x192.png was preloaded using link preload but not used within a few seconds from the window's load event. Please make sure it has an appropriate `as` value and it is preloaded intentionally. @ https://staging.chavesnamao.com.br/imoveis/brasil/?filtro=pmin:99000000,pmax:100000000:0
[    9685ms] [WARNING] The resource https://cdn.chavesnamao.com.br/common/logos/favicon.ico was preloaded using link preload but not used within a few seconds from the window's load event. Please make sure it has an appropriate `as` value and it is preloaded intentionally. @ https://staging.chavesnamao.com.br/imoveis/brasil/?filtro=pmin:99000000,pmax:100000000:0
[    9685ms] [WARNING] The resource https://cdn.chavesnamao.com.br/portal-staging/build/c2ca03d6696a956309c5e22c717f1b60dbdee75f/_next/static/chunks/31854.98606b1ad92f83ad.js was preloaded using link preload but not used within a few seconds from the window's load event. Please make sure it has an appropriate `as` value and it is preloaded intentionally. @ https://staging.chavesnamao.com.br/imoveis/brasil/?filtro=pmin:99000000,pmax:100000000:0
[    9685ms] [WARNING] The resource https://cdn.chavesnamao.com.br/portal/static/images/icons/icon-192x192.png was preloaded using link preload but not used within a few seconds from the window's load event. Please make sure it has an appropriate `as` value and it is preloaded intentionally. @ https://staging.chavesnamao.com.br/imoveis/brasil/?filtro=pmin:99000000,pmax:100000000:0
[   11307ms] [LOG] ✅ body available @ https://cdn.chavesnamao.com.br/portal-staging/build/c2ca03d6696a956309c5e22c717f1b60dbdee75f/_next/static/chunks/39458-912b00123e196dc4.js:5
[   12057ms] [WARNING] [GPT] PubAdsService.setTargeting is deprecated, use googletag.setConfig({targeting: ...}) instead.
https://goo.gle/gpt-message#170 @ https://cdn.chavesnamao.com.br/portal-staging/build/c2ca03d6696a956309c5e22c717f1b60dbdee75f/_next/static/chunks/39458-912b00123e196dc4.js:5
[   16361ms] [WARNING] The resource https://cdn.chavesnamao.com.br/common/logos/favicon.ico was preloaded using link preload but not used within a few seconds from the window's load event. Please make sure it has an appropriate `as` value and it is preloaded intentionally. @ https://staging.chavesnamao.com.br/imoveis/brasil/?filtro=pmin:99000000,pmax:100000000:0
[   16361ms] [WARNING] The resource https://cdn.chavesnamao.com.br/portal-staging/build/c2ca03d6696a956309c5e22c717f1b60dbdee75f/_next/static/chunks/31854.98606b1ad92f83ad.js was preloaded using link preload but not used within a few seconds from the window's load event. Please make sure it has an appropriate `as` value and it is preloaded intentionally. @ https://staging.chavesnamao.com.br/imoveis/brasil/?filtro=pmin:99000000,pmax:100000000:0
[   16361ms] [WARNING] The resource https://cdn.consentmanager.net/delivery/js/cmp_en.min.js was preloaded using link preload but not used within a few seconds from the window's load event. Please make sure it has an appropriate `as` value and it is preloaded intentionally. @ https://staging.chavesnamao.com.br/imoveis/brasil/?filtro=pmin:99000000,pmax:100000000:0
[   16361ms] [WARNING] The resource https://cdn.chavesnamao.com.br/portal/static/images/icons/icon-192x192.png was preloaded using link preload but not used within a few seconds from the window's load event. Please make sure it has an appropriate `as` value and it is preloaded intentionally. @ https://staging.chavesnamao.com.br/imoveis/brasil/?filtro=pmin:99000000,pmax:100000000:0
