[     458ms] [ERROR] Failed to load resource: the server responded with a status of 502 () @ https://qa.chavesnamao.com.br/manifest.json:0
[     459ms] [ERROR] Manifest fetch from https://qa.chavesnamao.com.br/manifest.json failed, code 502 @ https://qa.chavesnamao.com.br/motos/brasil/harley-davidson/:34
[     667ms] [ERROR] Failed to load resource: the server responded with a status of 502 () @ https://qa.chavesnamao.com.br/manifest.json:0
[     667ms] [ERROR] Manifest fetch from https://qa.chavesnamao.com.br/manifest.json failed, code 502 @ https://qa.chavesnamao.com.br/motos/brasil/harley-davidson/:0
[    4970ms] [WARNING] The resource https://cdn.chavesnamao.com.br/portal-qa/build/82f51556072e9aa2e644461d461498c6d66420f7/_next/static/chunks/31854.98606b1ad92f83ad.js was preloaded using link preload but not used within a few seconds from the window's load event. Please make sure it has an appropriate `as` value and it is preloaded intentionally. @ https://qa.chavesnamao.com.br/motos/brasil/harley-davidson/:0
[    4970ms] [WARNING] The resource https://www.chavesnamao.com.br/imn/0340X0250/N/60/veiculos/113028/8050483/harley-davidson-road-em-pomerode-sc-35e36a9a.jpg was preloaded using link preload but not used within a few seconds from the window's load event. Please make sure it has an appropriate `as` value and it is preloaded intentionally. @ https://qa.chavesnamao.com.br/motos/brasil/harley-davidson/:0
[    4970ms] [WARNING] The resource https://cdn.chavesnamao.com.br/common/logos/favicon.ico was preloaded using link preload but not used within a few seconds from the window's load event. Please make sure it has an appropriate `as` value and it is preloaded intentionally. @ https://qa.chavesnamao.com.br/motos/brasil/harley-davidson/:0
[    4970ms] [WARNING] The resource https://cdn.chavesnamao.com.br/portal/static/images/icons/icon-192x192.png was preloaded using link preload but not used within a few seconds from the window's load event. Please make sure it has an appropriate `as` value and it is preloaded intentionally. @ https://qa.chavesnamao.com.br/motos/brasil/harley-davidson/:0
[   11012ms] [ERROR] Failed to load resource: the server responded with a status of 502 () @ https://qa.chavesnamao.com.br/veiculos/estatisticas/index/:0
[   11012ms] [ERROR] HTTP Error: 502 -  @ https://cdn.chavesnamao.com.br/portal-qa/build/82f51556072e9aa2e644461d461498c6d66420f7/_next/static/chunks/24491-c9267c906ba757fb.js:0
[   11381ms] [LOG] ✅ body available @ https://tags.refinery89.com/chavesnamaocombr.js:3
[   12803ms] [WARNING] [GPT] PubAdsService.setTargeting is deprecated, use googletag.setConfig({targeting: ...}) instead.
https://goo.gle/gpt-message#170 @ https://securepubads.g.doubleclick.net/pagead/managed/js/gpt/m202605010101/pubads_impl.js?cb=31098277:18
[   21658ms] [WARNING] The resource https://cdn.chavesnamao.com.br/portal-qa/build/82f51556072e9aa2e644461d461498c6d66420f7/_next/static/chunks/31854.98606b1ad92f83ad.js was preloaded using link preload but not used within a few seconds from the window's load event. Please make sure it has an appropriate `as` value and it is preloaded intentionally. @ https://qa.chavesnamao.com.br/motos/brasil/harley-davidson/:0
[   21658ms] [WARNING] The resource https://www.chavesnamao.com.br/imn/0340X0250/N/60/veiculos/113028/8050483/harley-davidson-road-em-pomerode-sc-35e36a9a.jpg was preloaded using link preload but not used within a few seconds from the window's load event. Please make sure it has an appropriate `as` value and it is preloaded intentionally. @ https://qa.chavesnamao.com.br/motos/brasil/harley-davidson/:0
[   21658ms] [WARNING] The resource https://cdn.chavesnamao.com.br/common/logos/favicon.ico was preloaded using link preload but not used within a few seconds from the window's load event. Please make sure it has an appropriate `as` value and it is preloaded intentionally. @ https://qa.chavesnamao.com.br/motos/brasil/harley-davidson/:0
[   21658ms] [WARNING] The resource https://cdn.consentmanager.net/delivery/js/cmp_en.min.js was preloaded using link preload but not used within a few seconds from the window's load event. Please make sure it has an appropriate `as` value and it is preloaded intentionally. @ https://qa.chavesnamao.com.br/motos/brasil/harley-davidson/:0
[   21658ms] [WARNING] The resource https://cdn.chavesnamao.com.br/portal/static/images/icons/icon-192x192.png was preloaded using link preload but not used within a few seconds from the window's load event. Please make sure it has an appropriate `as` value and it is preloaded intentionally. @ https://qa.chavesnamao.com.br/motos/brasil/harley-davidson/:0
[   34536ms] [ERROR] Failed to load resource: the server responded with a status of 502 () @ https://qa.chavesnamao.com.br/veiculos/estatisticas/index/:0
[   34536ms] [ERROR] HTTP Error: 502 -  @ https://cdn.chavesnamao.com.br/portal-qa/build/82f51556072e9aa2e644461d461498c6d66420f7/_next/static/chunks/24491-c9267c906ba757fb.js:0
[   34647ms] [ERROR] Failed to load resource: the server responded with a status of 502 () @ https://qa.chavesnamao.com.br/veiculos/estatisticas/index/:0
[   34647ms] [ERROR] HTTP Error: 502 -  @ https://cdn.chavesnamao.com.br/portal-qa/build/82f51556072e9aa2e644461d461498c6d66420f7/_next/static/chunks/24491-c9267c906ba757fb.js:0
[   39413ms] [WARNING] The resource https://cdn.chavesnamao.com.br/portal-qa/build/82f51556072e9aa2e644461d461498c6d66420f7/_next/static/chunks/31854.98606b1ad92f83ad.js was preloaded using link preload but not used within a few seconds from the window's load event. Please make sure it has an appropriate `as` value and it is preloaded intentionally. @ https://qa.chavesnamao.com.br/motos/brasil/harley-davidson/:0
[   39413ms] [WARNING] The resource https://www.chavesnamao.com.br/imn/0340X0250/N/60/veiculos/113028/8050483/harley-davidson-road-em-pomerode-sc-35e36a9a.jpg was preloaded using link preload but not used within a few seconds from the window's load event. Please make sure it has an appropriate `as` value and it is preloaded intentionally. @ https://qa.chavesnamao.com.br/motos/brasil/harley-davidson/:0
[   39413ms] [WARNING] The resource https://cdn.chavesnamao.com.br/common/logos/favicon.ico was preloaded using link preload but not used within a few seconds from the window's load event. Please make sure it has an appropriate `as` value and it is preloaded intentionally. @ https://qa.chavesnamao.com.br/motos/brasil/harley-davidson/:0
[   39413ms] [WARNING] The resource https://cdn.consentmanager.net/delivery/js/cmp_en.min.js was preloaded using link preload but not used within a few seconds from the window's load event. Please make sure it has an appropriate `as` value and it is preloaded intentionally. @ https://qa.chavesnamao.com.br/motos/brasil/harley-davidson/:0
[   39413ms] [WARNING] The resource https://cdn.chavesnamao.com.br/portal/static/images/icons/icon-192x192.png was preloaded using link preload but not used within a few seconds from the window's load event. Please make sure it has an appropriate `as` value and it is preloaded intentionally. @ https://qa.chavesnamao.com.br/motos/brasil/harley-davidson/:0
[   44060ms] [WARNING] The resource https://cdn.chavesnamao.com.br/portal-qa/build/82f51556072e9aa2e644461d461498c6d66420f7/_next/static/chunks/31854.98606b1ad92f83ad.js was preloaded using link preload but not used within a few seconds from the window's load event. Please make sure it has an appropriate `as` value and it is preloaded intentionally. @ https://qa.chavesnamao.com.br/motos/brasil/harley-davidson/:0
[   44061ms] [WARNING] The resource https://www.chavesnamao.com.br/imn/0340X0250/N/60/veiculos/113028/8050483/harley-davidson-road-em-pomerode-sc-35e36a9a.jpg was preloaded using link preload but not used within a few seconds from the window's load event. Please make sure it has an appropriate `as` value and it is preloaded intentionally. @ https://qa.chavesnamao.com.br/motos/brasil/harley-davidson/:0
[   44061ms] [WARNING] The resource https://cdn.chavesnamao.com.br/common/logos/favicon.ico was preloaded using link preload but not used within a few seconds from the window's load event. Please make sure it has an appropriate `as` value and it is preloaded intentionally. @ https://qa.chavesnamao.com.br/motos/brasil/harley-davidson/:0
[   44061ms] [WARNING] The resource https://cdn.consentmanager.net/delivery/js/cmp_en.min.js was preloaded using link preload but not used within a few seconds from the window's load event. Please make sure it has an appropriate `as` value and it is preloaded intentionally. @ https://qa.chavesnamao.com.br/motos/brasil/harley-davidson/:0
[   44061ms] [WARNING] The resource https://cdn.chavesnamao.com.br/portal/static/images/icons/icon-192x192.png was preloaded using link preload but not used within a few seconds from the window's load event. Please make sure it has an appropriate `as` value and it is preloaded intentionally. @ https://qa.chavesnamao.com.br/motos/brasil/harley-davidson/:0
