[     687ms] [ERROR] Failed to load resource: the server responded with a status of 502 () @ https://staging.chavesnamao.com.br/manifest.json:0
[     687ms] [ERROR] Manifest fetch from https://staging.chavesnamao.com.br/manifest.json failed, code 502 @ https://staging.chavesnamao.com.br/motos/brasil/harley-davidson/:34
[     862ms] [ERROR] Failed to load resource: the server responded with a status of 502 () @ https://staging.chavesnamao.com.br/manifest.json:0
[     862ms] [ERROR] Manifest fetch from https://staging.chavesnamao.com.br/manifest.json failed, code 502 @ https://staging.chavesnamao.com.br/motos/brasil/harley-davidson/:0
[    5101ms] [WARNING] The resource https://www.chavesnamao.com.br/imn/0340X0250/N/60/veiculos/113028/8050483/harley-davidson-road-em-pomerode-sc-35e36a9a.jpg was preloaded using link preload but not used within a few seconds from the window's load event. Please make sure it has an appropriate `as` value and it is preloaded intentionally. @ https://staging.chavesnamao.com.br/motos/brasil/harley-davidson/:0
[    5101ms] [WARNING] The resource https://cdn.chavesnamao.com.br/common/logos/favicon.ico was preloaded using link preload but not used within a few seconds from the window's load event. Please make sure it has an appropriate `as` value and it is preloaded intentionally. @ https://staging.chavesnamao.com.br/motos/brasil/harley-davidson/:0
[    5101ms] [WARNING] The resource https://cdn.chavesnamao.com.br/portal/static/images/icons/icon-192x192.png was preloaded using link preload but not used within a few seconds from the window's load event. Please make sure it has an appropriate `as` value and it is preloaded intentionally. @ https://staging.chavesnamao.com.br/motos/brasil/harley-davidson/:0
[    5101ms] [WARNING] The resource https://cdn.chavesnamao.com.br/portal-staging/build/15d72a8773060c34c4562e91957582d951a9aa9e/_next/static/chunks/31854.98606b1ad92f83ad.js was preloaded using link preload but not used within a few seconds from the window's load event. Please make sure it has an appropriate `as` value and it is preloaded intentionally. @ https://staging.chavesnamao.com.br/motos/brasil/harley-davidson/:0
[   11745ms] [ERROR] Failed to load resource: the server responded with a status of 502 () @ https://staging.chavesnamao.com.br/veiculos/estatisticas/index/:0
[   11745ms] [ERROR] HTTP Error: 502 -  @ https://cdn.chavesnamao.com.br/portal-staging/build/15d72a8773060c34c4562e91957582d951a9aa9e/_next/static/chunks/39458-b5fde5443da5fbcc.js:5
[   11751ms] [LOG] ✅ body available @ https://cdn.chavesnamao.com.br/portal-staging/build/15d72a8773060c34c4562e91957582d951a9aa9e/_next/static/chunks/39458-b5fde5443da5fbcc.js:5
[   12366ms] [WARNING] [GPT] PubAdsService.setTargeting is deprecated, use googletag.setConfig({targeting: ...}) instead.
https://goo.gle/gpt-message#170 @ https://cdn.chavesnamao.com.br/portal-staging/build/15d72a8773060c34c4562e91957582d951a9aa9e/_next/static/chunks/39458-b5fde5443da5fbcc.js:5
[   12695ms] [WARNING] [GPT] Using deprecated googletag.encryptedSignalProviders. Please use googletag.secureSignalProviders instead.
https://goo.gle/gpt-message#155 @ https://cdn.chavesnamao.com.br/portal-staging/build/15d72a8773060c34c4562e91957582d951a9aa9e/_next/static/chunks/39458-b5fde5443da5fbcc.js:5
[   13705ms] [WARNING] [GPT] Using deprecated googletag.encryptedSignalProviders. Please use googletag.secureSignalProviders instead.
https://goo.gle/gpt-message#155 @ https://cdn.chavesnamao.com.br/portal-staging/build/15d72a8773060c34c4562e91957582d951a9aa9e/_next/static/chunks/39458-b5fde5443da5fbcc.js:5
[   20794ms] [ERROR] Failed to load resource: the server responded with a status of 502 () @ https://staging.chavesnamao.com.br/veiculos/estatisticas/index/:0
[   20794ms] [ERROR] HTTP Error: 502 -  @ https://cdn.chavesnamao.com.br/portal-staging/build/15d72a8773060c34c4562e91957582d951a9aa9e/_next/static/chunks/39458-b5fde5443da5fbcc.js:5
[   20966ms] [ERROR] Failed to load resource: the server responded with a status of 502 () @ https://staging.chavesnamao.com.br/veiculos/estatisticas/index/:0
[   20967ms] [ERROR] HTTP Error: 502 -  @ https://cdn.chavesnamao.com.br/portal-staging/build/15d72a8773060c34c4562e91957582d951a9aa9e/_next/static/chunks/39458-b5fde5443da5fbcc.js:5
[   25489ms] [WARNING] The resource https://www.chavesnamao.com.br/imn/0340X0250/N/60/veiculos/113028/8050483/harley-davidson-road-em-pomerode-sc-35e36a9a.jpg was preloaded using link preload but not used within a few seconds from the window's load event. Please make sure it has an appropriate `as` value and it is preloaded intentionally. @ https://staging.chavesnamao.com.br/motos/brasil/harley-davidson/:0
[   25489ms] [WARNING] The resource https://cdn.chavesnamao.com.br/common/logos/favicon.ico was preloaded using link preload but not used within a few seconds from the window's load event. Please make sure it has an appropriate `as` value and it is preloaded intentionally. @ https://staging.chavesnamao.com.br/motos/brasil/harley-davidson/:0
[   25489ms] [WARNING] The resource https://cdn.consentmanager.net/delivery/js/cmp_en.min.js was preloaded using link preload but not used within a few seconds from the window's load event. Please make sure it has an appropriate `as` value and it is preloaded intentionally. @ https://staging.chavesnamao.com.br/motos/brasil/harley-davidson/:0
[   25489ms] [WARNING] The resource https://cdn.chavesnamao.com.br/portal/static/images/icons/icon-192x192.png was preloaded using link preload but not used within a few seconds from the window's load event. Please make sure it has an appropriate `as` value and it is preloaded intentionally. @ https://staging.chavesnamao.com.br/motos/brasil/harley-davidson/:0
[   25489ms] [WARNING] The resource https://cdn.chavesnamao.com.br/portal-staging/build/15d72a8773060c34c4562e91957582d951a9aa9e/_next/static/chunks/31854.98606b1ad92f83ad.js was preloaded using link preload but not used within a few seconds from the window's load event. Please make sure it has an appropriate `as` value and it is preloaded intentionally. @ https://staging.chavesnamao.com.br/motos/brasil/harley-davidson/:0
[   28918ms] [WARNING] The resource https://www.chavesnamao.com.br/imn/0340X0250/N/60/veiculos/113028/8050483/harley-davidson-road-em-pomerode-sc-35e36a9a.jpg was preloaded using link preload but not used within a few seconds from the window's load event. Please make sure it has an appropriate `as` value and it is preloaded intentionally. @ https://staging.chavesnamao.com.br/motos/brasil/harley-davidson/:0
[   28918ms] [WARNING] The resource https://cdn.chavesnamao.com.br/common/logos/favicon.ico was preloaded using link preload but not used within a few seconds from the window's load event. Please make sure it has an appropriate `as` value and it is preloaded intentionally. @ https://staging.chavesnamao.com.br/motos/brasil/harley-davidson/:0
[   28919ms] [WARNING] The resource https://cdn.consentmanager.net/delivery/js/cmp_en.min.js was preloaded using link preload but not used within a few seconds from the window's load event. Please make sure it has an appropriate `as` value and it is preloaded intentionally. @ https://staging.chavesnamao.com.br/motos/brasil/harley-davidson/:0
[   28919ms] [WARNING] The resource https://cdn.chavesnamao.com.br/portal/static/images/icons/icon-192x192.png was preloaded using link preload but not used within a few seconds from the window's load event. Please make sure it has an appropriate `as` value and it is preloaded intentionally. @ https://staging.chavesnamao.com.br/motos/brasil/harley-davidson/:0
[   28919ms] [WARNING] The resource https://cdn.chavesnamao.com.br/portal-staging/build/15d72a8773060c34c4562e91957582d951a9aa9e/_next/static/chunks/31854.98606b1ad92f83ad.js was preloaded using link preload but not used within a few seconds from the window's load event. Please make sure it has an appropriate `as` value and it is preloaded intentionally. @ https://staging.chavesnamao.com.br/motos/brasil/harley-davidson/:0
[   44323ms] [WARNING] The resource https://www.chavesnamao.com.br/imn/0340X0250/N/60/veiculos/113028/8050483/harley-davidson-road-em-pomerode-sc-35e36a9a.jpg was preloaded using link preload but not used within a few seconds from the window's load event. Please make sure it has an appropriate `as` value and it is preloaded intentionally. @ https://staging.chavesnamao.com.br/motos/brasil/harley-davidson/:0
[   44323ms] [WARNING] The resource https://cdn.chavesnamao.com.br/common/logos/favicon.ico was preloaded using link preload but not used within a few seconds from the window's load event. Please make sure it has an appropriate `as` value and it is preloaded intentionally. @ https://staging.chavesnamao.com.br/motos/brasil/harley-davidson/:0
[   44323ms] [WARNING] The resource https://cdn.consentmanager.net/delivery/js/cmp_en.min.js was preloaded using link preload but not used within a few seconds from the window's load event. Please make sure it has an appropriate `as` value and it is preloaded intentionally. @ https://staging.chavesnamao.com.br/motos/brasil/harley-davidson/:0
[   44323ms] [WARNING] The resource https://cdn.chavesnamao.com.br/portal/static/images/icons/icon-192x192.png was preloaded using link preload but not used within a few seconds from the window's load event. Please make sure it has an appropriate `as` value and it is preloaded intentionally. @ https://staging.chavesnamao.com.br/motos/brasil/harley-davidson/:0
[   44323ms] [WARNING] The resource https://cdn.chavesnamao.com.br/portal-staging/build/15d72a8773060c34c4562e91957582d951a9aa9e/_next/static/chunks/31854.98606b1ad92f83ad.js was preloaded using link preload but not used within a few seconds from the window's load event. Please make sure it has an appropriate `as` value and it is preloaded intentionally. @ https://staging.chavesnamao.com.br/motos/brasil/harley-davidson/:0
