[     128ms] [ERROR] Failed to load resource: the server responded with a status of 502 () @ https://staging.chavesnamao.com.br/manifest.json:0
[     128ms] [ERROR] Manifest fetch from https://staging.chavesnamao.com.br/manifest.json failed, code 502 @ https://staging.chavesnamao.com.br/imovel/apartamento-a-venda-3-quartos-com-garagem-sp-sao-paulo-pinheiros-120m2-RS1450000/id-39529792/:0
[     199ms] [ERROR] Failed to load resource: the server responded with a status of 502 () @ https://staging.chavesnamao.com.br/manifest.json:0
[     200ms] [ERROR] Manifest fetch from https://staging.chavesnamao.com.br/manifest.json failed, code 502 @ https://staging.chavesnamao.com.br/imovel/apartamento-a-venda-3-quartos-com-garagem-sp-sao-paulo-pinheiros-120m2-RS1450000/id-39529792/:0
[     955ms] [ERROR] Failed to load resource: the server responded with a status of 502 () @ https://staging.chavesnamao.com.br/imoveis/estatisticas/visitas/:0
[     956ms] [ERROR] HTTP Error: 502 -  @ https://cdn.chavesnamao.com.br/portal-staging/build/933dbef79d745656996e9086f345d2e015bbdb14/_next/static/chunks/39458-b06b6711bad10ab5.js:5
[     983ms] Uncaught Error: Minified React error #418; visit https://react.dev/errors/418?args[]=text&args[]= for the full message or use the non-minified dev environment for full errors and additional helpful warnings.
    at rD (https://cdn.chavesnamao.com.br/portal-staging/build/933dbef79d745656996e9086f345d2e015bbdb14/_next/static/chunks/87c73c54-661db6dff56ce357.js:0:35443)
    at <anonymous> (https://cdn.chavesnamao.com.br/portal-staging/build/933dbef79d745656996e9086f345d2e015bbdb14/_next/static/chunks/87c73c54-661db6dff56ce357.js:0:120032)
    at ix (https://cdn.chavesnamao.com.br/portal-staging/build/933dbef79d745656996e9086f345d2e015bbdb14/_next/static/chunks/87c73c54-661db6dff56ce357.js:0:123336)
    at ik (https://cdn.chavesnamao.com.br/portal-staging/build/933dbef79d745656996e9086f345d2e015bbdb14/_next/static/chunks/87c73c54-661db6dff56ce357.js:0:115124)
    at <anonymous> (https://cdn.chavesnamao.com.br/portal-staging/build/933dbef79d745656996e9086f345d2e015bbdb14/_next/static/chunks/87c73c54-661db6dff56ce357.js:0:111111)
    at iu (https://cdn.chavesnamao.com.br/portal-staging/build/933dbef79d745656996e9086f345d2e015bbdb14/_next/static/chunks/87c73c54-661db6dff56ce357.js:0:111212)
    at iX (https://cdn.chavesnamao.com.br/portal-staging/build/933dbef79d745656996e9086f345d2e015bbdb14/_next/static/chunks/87c73c54-661db6dff56ce357.js:0:133315)
    at x (https://cdn.chavesnamao.com.br/portal-staging/build/933dbef79d745656996e9086f345d2e015bbdb14/_next/static/chunks/39458-b06b6711bad10ab5.js:2:2720)
[    4938ms] [WARNING] The resource https://cdn.chavesnamao.com.br/portal/static/images/icons/icon-192x192.png was preloaded using link preload but not used within a few seconds from the window's load event. Please make sure it has an appropriate `as` value and it is preloaded intentionally. @ https://staging.chavesnamao.com.br/imovel/apartamento-a-venda-3-quartos-com-garagem-sp-sao-paulo-pinheiros-120m2-RS1450000/id-39529792/:0
[    4938ms] [WARNING] The resource https://cdn.chavesnamao.com.br/common/logos/favicon.ico was preloaded using link preload but not used within a few seconds from the window's load event. Please make sure it has an appropriate `as` value and it is preloaded intentionally. @ https://staging.chavesnamao.com.br/imovel/apartamento-a-venda-3-quartos-com-garagem-sp-sao-paulo-pinheiros-120m2-RS1450000/id-39529792/:0
[    9048ms] [WARNING] The resource https://cdn.chavesnamao.com.br/portal/static/images/icons/icon-192x192.png was preloaded using link preload but not used within a few seconds from the window's load event. Please make sure it has an appropriate `as` value and it is preloaded intentionally. @ https://staging.chavesnamao.com.br/imovel/apartamento-a-venda-3-quartos-com-garagem-sp-sao-paulo-pinheiros-120m2-RS1450000/id-39529792/:0
[    9048ms] [WARNING] The resource https://cdn.chavesnamao.com.br/common/logos/favicon.ico was preloaded using link preload but not used within a few seconds from the window's load event. Please make sure it has an appropriate `as` value and it is preloaded intentionally. @ https://staging.chavesnamao.com.br/imovel/apartamento-a-venda-3-quartos-com-garagem-sp-sao-paulo-pinheiros-120m2-RS1450000/id-39529792/:0
[   10779ms] [LOG] ✅ body available @ https://cdn.chavesnamao.com.br/portal-staging/build/933dbef79d745656996e9086f345d2e015bbdb14/_next/static/chunks/39458-b06b6711bad10ab5.js:5
[   11554ms] [WARNING] [GPT] PubAdsService.setTargeting is deprecated, use googletag.setConfig({targeting: ...}) instead.
https://goo.gle/gpt-message#170 @ https://cdn.chavesnamao.com.br/portal-staging/build/933dbef79d745656996e9086f345d2e015bbdb14/_next/static/chunks/39458-b06b6711bad10ab5.js:5
[   11768ms] [WARNING] [GPT] Using deprecated googletag.encryptedSignalProviders. Please use googletag.secureSignalProviders instead.
https://goo.gle/gpt-message#155 @ https://cdn.chavesnamao.com.br/portal-staging/build/933dbef79d745656996e9086f345d2e015bbdb14/_next/static/chunks/39458-b06b6711bad10ab5.js:5
[   12776ms] [WARNING] [GPT] Using deprecated googletag.encryptedSignalProviders. Please use googletag.secureSignalProviders instead.
https://goo.gle/gpt-message#155 @ https://cdn.chavesnamao.com.br/portal-staging/build/933dbef79d745656996e9086f345d2e015bbdb14/_next/static/chunks/39458-b06b6711bad10ab5.js:5
[   19793ms] [WARNING] The resource https://cdn.chavesnamao.com.br/common/logos/favicon.ico was preloaded using link preload but not used within a few seconds from the window's load event. Please make sure it has an appropriate `as` value and it is preloaded intentionally. @ https://staging.chavesnamao.com.br/imovel/apartamento-a-venda-3-quartos-com-garagem-sp-sao-paulo-pinheiros-120m2-RS1450000/id-39529792/:0
[   19793ms] [WARNING] The resource https://cdn.consentmanager.net/delivery/js/cmp_en.min.js was preloaded using link preload but not used within a few seconds from the window's load event. Please make sure it has an appropriate `as` value and it is preloaded intentionally. @ https://staging.chavesnamao.com.br/imovel/apartamento-a-venda-3-quartos-com-garagem-sp-sao-paulo-pinheiros-120m2-RS1450000/id-39529792/:0
[   19793ms] [WARNING] The resource https://cdn.chavesnamao.com.br/portal/static/images/icons/icon-192x192.png was preloaded using link preload but not used within a few seconds from the window's load event. Please make sure it has an appropriate `as` value and it is preloaded intentionally. @ https://staging.chavesnamao.com.br/imovel/apartamento-a-venda-3-quartos-com-garagem-sp-sao-paulo-pinheiros-120m2-RS1450000/id-39529792/:0
[   38652ms] [WARNING] The resource https://cdn.chavesnamao.com.br/common/logos/favicon.ico was preloaded using link preload but not used within a few seconds from the window's load event. Please make sure it has an appropriate `as` value and it is preloaded intentionally. @ https://staging.chavesnamao.com.br/imovel/apartamento-a-venda-3-quartos-com-garagem-sp-sao-paulo-pinheiros-120m2-RS1450000/id-39529792/:0
[   38652ms] [WARNING] The resource https://cdn.consentmanager.net/delivery/js/cmp_en.min.js was preloaded using link preload but not used within a few seconds from the window's load event. Please make sure it has an appropriate `as` value and it is preloaded intentionally. @ https://staging.chavesnamao.com.br/imovel/apartamento-a-venda-3-quartos-com-garagem-sp-sao-paulo-pinheiros-120m2-RS1450000/id-39529792/:0
[   38652ms] [WARNING] The resource https://cdn.chavesnamao.com.br/portal/static/images/icons/icon-192x192.png was preloaded using link preload but not used within a few seconds from the window's load event. Please make sure it has an appropriate `as` value and it is preloaded intentionally. @ https://staging.chavesnamao.com.br/imovel/apartamento-a-venda-3-quartos-com-garagem-sp-sao-paulo-pinheiros-120m2-RS1450000/id-39529792/:0
[   43396ms] [WARNING] The resource https://cdn.chavesnamao.com.br/common/logos/favicon.ico was preloaded using link preload but not used within a few seconds from the window's load event. Please make sure it has an appropriate `as` value and it is preloaded intentionally. @ https://staging.chavesnamao.com.br/imovel/apartamento-a-venda-3-quartos-com-garagem-sp-sao-paulo-pinheiros-120m2-RS1450000/id-39529792/:0
[   43396ms] [WARNING] The resource https://cdn.consentmanager.net/delivery/js/cmp_en.min.js was preloaded using link preload but not used within a few seconds from the window's load event. Please make sure it has an appropriate `as` value and it is preloaded intentionally. @ https://staging.chavesnamao.com.br/imovel/apartamento-a-venda-3-quartos-com-garagem-sp-sao-paulo-pinheiros-120m2-RS1450000/id-39529792/:0
[   43396ms] [WARNING] The resource https://cdn.chavesnamao.com.br/portal/static/images/icons/icon-192x192.png was preloaded using link preload but not used within a few seconds from the window's load event. Please make sure it has an appropriate `as` value and it is preloaded intentionally. @ https://staging.chavesnamao.com.br/imovel/apartamento-a-venda-3-quartos-com-garagem-sp-sao-paulo-pinheiros-120m2-RS1450000/id-39529792/:0
[   55938ms] [ERROR] Failed to load resource: the server responded with a status of 404 () @ https://staging.chavesnamao.com.br/api/realestate/search/?filters=%7B%22location%22%3A%7B%22neighborhood%22%3A%5B53319%5D%7D%2C%22realtyType%22%3A%5B1%5D%7D&limit=10:0
[   65713ms] [WARNING] The resource https://cdn.chavesnamao.com.br/common/logos/favicon.ico was preloaded using link preload but not used within a few seconds from the window's load event. Please make sure it has an appropriate `as` value and it is preloaded intentionally. @ https://staging.chavesnamao.com.br/imovel/apartamento-a-venda-3-quartos-com-garagem-sp-sao-paulo-pinheiros-120m2-RS1450000/id-39529792/:0
[   65713ms] [WARNING] The resource https://cdn.consentmanager.net/delivery/js/cmp_en.min.js was preloaded using link preload but not used within a few seconds from the window's load event. Please make sure it has an appropriate `as` value and it is preloaded intentionally. @ https://staging.chavesnamao.com.br/imovel/apartamento-a-venda-3-quartos-com-garagem-sp-sao-paulo-pinheiros-120m2-RS1450000/id-39529792/:0
[   65713ms] [WARNING] The resource https://cdn.chavesnamao.com.br/portal/static/images/icons/icon-192x192.png was preloaded using link preload but not used within a few seconds from the window's load event. Please make sure it has an appropriate `as` value and it is preloaded intentionally. @ https://staging.chavesnamao.com.br/imovel/apartamento-a-venda-3-quartos-com-garagem-sp-sao-paulo-pinheiros-120m2-RS1450000/id-39529792/:0
