[     123ms] [ERROR] Failed to load resource: the server responded with a status of 502 () @ https://staging.chavesnamao.com.br/manifest.json:0
[     124ms] [ERROR] Manifest fetch from https://staging.chavesnamao.com.br/manifest.json failed, code 502 @ https://staging.chavesnamao.com.br/imovel/apartamento-para-alugar-2-quartos-com-garagem-sp-sao-paulo-bela-vista-66m2-RS5500/id-16602110/:0
[     239ms] [ERROR] Failed to load resource: the server responded with a status of 502 () @ https://staging.chavesnamao.com.br/manifest.json:0
[     239ms] [ERROR] Manifest fetch from https://staging.chavesnamao.com.br/manifest.json failed, code 502 @ https://staging.chavesnamao.com.br/imovel/apartamento-para-alugar-2-quartos-com-garagem-sp-sao-paulo-bela-vista-66m2-RS5500/id-16602110/:0
[     971ms] [ERROR] Failed to load resource: the server responded with a status of 502 () @ https://staging.chavesnamao.com.br/imoveis/estatisticas/visitas/:0
[     972ms] [ERROR] HTTP Error: 502 -  @ https://cdn.chavesnamao.com.br/portal-staging/build/933dbef79d745656996e9086f345d2e015bbdb14/_next/static/chunks/39458-b06b6711bad10ab5.js:5
[    4812ms] [WARNING] The resource https://cdn.chavesnamao.com.br/portal/static/images/icons/icon-192x192.png was preloaded using link preload but not used within a few seconds from the window's load event. Please make sure it has an appropriate `as` value and it is preloaded intentionally. @ https://staging.chavesnamao.com.br/imovel/apartamento-para-alugar-2-quartos-com-garagem-sp-sao-paulo-bela-vista-66m2-RS5500/id-16602110/:0
[    4812ms] [WARNING] The resource https://cdn.chavesnamao.com.br/common/logos/favicon.ico was preloaded using link preload but not used within a few seconds from the window's load event. Please make sure it has an appropriate `as` value and it is preloaded intentionally. @ https://staging.chavesnamao.com.br/imovel/apartamento-para-alugar-2-quartos-com-garagem-sp-sao-paulo-bela-vista-66m2-RS5500/id-16602110/:0
[    9065ms] [WARNING] The resource https://cdn.chavesnamao.com.br/portal/static/images/icons/icon-192x192.png was preloaded using link preload but not used within a few seconds from the window's load event. Please make sure it has an appropriate `as` value and it is preloaded intentionally. @ https://staging.chavesnamao.com.br/imovel/apartamento-para-alugar-2-quartos-com-garagem-sp-sao-paulo-bela-vista-66m2-RS5500/id-16602110/:0
[    9065ms] [WARNING] The resource https://cdn.chavesnamao.com.br/common/logos/favicon.ico was preloaded using link preload but not used within a few seconds from the window's load event. Please make sure it has an appropriate `as` value and it is preloaded intentionally. @ https://staging.chavesnamao.com.br/imovel/apartamento-para-alugar-2-quartos-com-garagem-sp-sao-paulo-bela-vista-66m2-RS5500/id-16602110/:0
[   10780ms] [LOG] ✅ body available @ https://cdn.chavesnamao.com.br/portal-staging/build/933dbef79d745656996e9086f345d2e015bbdb14/_next/static/chunks/39458-b06b6711bad10ab5.js:5
[   11557ms] [WARNING] [GPT] PubAdsService.setTargeting is deprecated, use googletag.setConfig({targeting: ...}) instead.
https://goo.gle/gpt-message#170 @ https://cdn.chavesnamao.com.br/portal-staging/build/933dbef79d745656996e9086f345d2e015bbdb14/_next/static/chunks/39458-b06b6711bad10ab5.js:5
[   11846ms] [WARNING] [GPT] Using deprecated googletag.encryptedSignalProviders. Please use googletag.secureSignalProviders instead.
https://goo.gle/gpt-message#155 @ https://cdn.chavesnamao.com.br/portal-staging/build/933dbef79d745656996e9086f345d2e015bbdb14/_next/static/chunks/39458-b06b6711bad10ab5.js:5
[   12853ms] [WARNING] [GPT] Using deprecated googletag.encryptedSignalProviders. Please use googletag.secureSignalProviders instead.
https://goo.gle/gpt-message#155 @ https://cdn.chavesnamao.com.br/portal-staging/build/933dbef79d745656996e9086f345d2e015bbdb14/_next/static/chunks/39458-b06b6711bad10ab5.js:5
[   16026ms] [WARNING] The resource https://cdn.consentmanager.net/delivery/js/cmp_en.min.js was preloaded using link preload but not used within a few seconds from the window's load event. Please make sure it has an appropriate `as` value and it is preloaded intentionally. @ https://staging.chavesnamao.com.br/imovel/apartamento-para-alugar-2-quartos-com-garagem-sp-sao-paulo-bela-vista-66m2-RS5500/id-16602110/:0
[   16026ms] [WARNING] The resource https://cdn.chavesnamao.com.br/portal/static/images/icons/icon-192x192.png was preloaded using link preload but not used within a few seconds from the window's load event. Please make sure it has an appropriate `as` value and it is preloaded intentionally. @ https://staging.chavesnamao.com.br/imovel/apartamento-para-alugar-2-quartos-com-garagem-sp-sao-paulo-bela-vista-66m2-RS5500/id-16602110/:0
[   16026ms] [WARNING] The resource https://cdn.chavesnamao.com.br/common/logos/favicon.ico was preloaded using link preload but not used within a few seconds from the window's load event. Please make sure it has an appropriate `as` value and it is preloaded intentionally. @ https://staging.chavesnamao.com.br/imovel/apartamento-para-alugar-2-quartos-com-garagem-sp-sao-paulo-bela-vista-66m2-RS5500/id-16602110/:0
[   19792ms] [WARNING] The resource https://cdn.consentmanager.net/delivery/js/cmp_en.min.js was preloaded using link preload but not used within a few seconds from the window's load event. Please make sure it has an appropriate `as` value and it is preloaded intentionally. @ https://staging.chavesnamao.com.br/imovel/apartamento-para-alugar-2-quartos-com-garagem-sp-sao-paulo-bela-vista-66m2-RS5500/id-16602110/:0
[   19792ms] [WARNING] The resource https://cdn.chavesnamao.com.br/portal/static/images/icons/icon-192x192.png was preloaded using link preload but not used within a few seconds from the window's load event. Please make sure it has an appropriate `as` value and it is preloaded intentionally. @ https://staging.chavesnamao.com.br/imovel/apartamento-para-alugar-2-quartos-com-garagem-sp-sao-paulo-bela-vista-66m2-RS5500/id-16602110/:0
[   19792ms] [WARNING] The resource https://cdn.chavesnamao.com.br/common/logos/favicon.ico was preloaded using link preload but not used within a few seconds from the window's load event. Please make sure it has an appropriate `as` value and it is preloaded intentionally. @ https://staging.chavesnamao.com.br/imovel/apartamento-para-alugar-2-quartos-com-garagem-sp-sao-paulo-bela-vista-66m2-RS5500/id-16602110/:0
