[     200ms] [ERROR] Failed to load resource: the server responded with a status of 502 () @ https://staging.chavesnamao.com.br/manifest.json:0
[     200ms] [ERROR] Manifest fetch from https://staging.chavesnamao.com.br/manifest.json failed, code 502 @ https://staging.chavesnamao.com.br/imoveis/brasil/:0
[     249ms] [ERROR] Failed to load resource: the server responded with a status of 502 () @ https://staging.chavesnamao.com.br/manifest.json:0
[     249ms] [ERROR] Manifest fetch from https://staging.chavesnamao.com.br/manifest.json failed, code 502 @ https://staging.chavesnamao.com.br/imoveis/brasil/:0
[    1313ms] [ERROR] Failed to load resource: the server responded with a status of 502 () @ https://staging.chavesnamao.com.br/imoveis/estatisticas/index/:0
[    1313ms] [ERROR] HTTP Error: 502 -  @ https://cdn.chavesnamao.com.br/portal-staging/build/c2ca03d6696a956309c5e22c717f1b60dbdee75f/_next/static/chunks/39458-912b00123e196dc4.js:5
[    4459ms] [WARNING] The resource https://cdn.chavesnamao.com.br/common/logos/favicon.ico was preloaded using link preload but not used within a few seconds from the window's load event. Please make sure it has an appropriate `as` value and it is preloaded intentionally. @ https://staging.chavesnamao.com.br/imoveis/brasil/:0
[    4459ms] [WARNING] The resource https://cdn.chavesnamao.com.br/portal-staging/build/c2ca03d6696a956309c5e22c717f1b60dbdee75f/_next/static/chunks/31854.98606b1ad92f83ad.js was preloaded using link preload but not used within a few seconds from the window's load event. Please make sure it has an appropriate `as` value and it is preloaded intentionally. @ https://staging.chavesnamao.com.br/imoveis/brasil/:0
[    4459ms] [WARNING] The resource https://cdn.chavesnamao.com.br/portal/static/images/icons/icon-192x192.png was preloaded using link preload but not used within a few seconds from the window's load event. Please make sure it has an appropriate `as` value and it is preloaded intentionally. @ https://staging.chavesnamao.com.br/imoveis/brasil/:0
[    5365ms] [LOG] ✅ body available @ https://cdn.chavesnamao.com.br/portal-staging/build/c2ca03d6696a956309c5e22c717f1b60dbdee75f/_next/static/chunks/39458-912b00123e196dc4.js:5
[    6088ms] [WARNING] [GPT] PubAdsService.setTargeting is deprecated, use googletag.setConfig({targeting: ...}) instead.
https://goo.gle/gpt-message#170 @ https://cdn.chavesnamao.com.br/portal-staging/build/c2ca03d6696a956309c5e22c717f1b60dbdee75f/_next/static/chunks/39458-912b00123e196dc4.js:5
[   10514ms] [WARNING] The resource https://cdn.chavesnamao.com.br/common/logos/favicon.ico was preloaded using link preload but not used within a few seconds from the window's load event. Please make sure it has an appropriate `as` value and it is preloaded intentionally. @ https://staging.chavesnamao.com.br/imoveis/brasil/#filter-full:0
[   10514ms] [WARNING] The resource https://cdn.chavesnamao.com.br/portal-staging/build/c2ca03d6696a956309c5e22c717f1b60dbdee75f/_next/static/chunks/31854.98606b1ad92f83ad.js was preloaded using link preload but not used within a few seconds from the window's load event. Please make sure it has an appropriate `as` value and it is preloaded intentionally. @ https://staging.chavesnamao.com.br/imoveis/brasil/#filter-full:0
[   10514ms] [WARNING] The resource https://cdn.consentmanager.net/delivery/js/cmp_en.min.js was preloaded using link preload but not used within a few seconds from the window's load event. Please make sure it has an appropriate `as` value and it is preloaded intentionally. @ https://staging.chavesnamao.com.br/imoveis/brasil/#filter-full:0
[   10514ms] [WARNING] The resource https://cdn.chavesnamao.com.br/portal/static/images/icons/icon-192x192.png was preloaded using link preload but not used within a few seconds from the window's load event. Please make sure it has an appropriate `as` value and it is preloaded intentionally. @ https://staging.chavesnamao.com.br/imoveis/brasil/#filter-full:0
[   14333ms] [WARNING] The resource https://cdn.chavesnamao.com.br/common/logos/favicon.ico was preloaded using link preload but not used within a few seconds from the window's load event. Please make sure it has an appropriate `as` value and it is preloaded intentionally. @ https://staging.chavesnamao.com.br/imoveis/brasil/#filter-full:0
[   14333ms] [WARNING] The resource https://cdn.chavesnamao.com.br/portal-staging/build/c2ca03d6696a956309c5e22c717f1b60dbdee75f/_next/static/chunks/31854.98606b1ad92f83ad.js was preloaded using link preload but not used within a few seconds from the window's load event. Please make sure it has an appropriate `as` value and it is preloaded intentionally. @ https://staging.chavesnamao.com.br/imoveis/brasil/#filter-full:0
[   14333ms] [WARNING] The resource https://cdn.consentmanager.net/delivery/js/cmp_en.min.js was preloaded using link preload but not used within a few seconds from the window's load event. Please make sure it has an appropriate `as` value and it is preloaded intentionally. @ https://staging.chavesnamao.com.br/imoveis/brasil/#filter-full:0
[   14333ms] [WARNING] The resource https://cdn.chavesnamao.com.br/portal/static/images/icons/icon-192x192.png was preloaded using link preload but not used within a few seconds from the window's load event. Please make sure it has an appropriate `as` value and it is preloaded intentionally. @ https://staging.chavesnamao.com.br/imoveis/brasil/#filter-full:0
[   19291ms] [ERROR] Failed to load resource: the server responded with a status of 502 () @ https://staging.chavesnamao.com.br/imoveis/estatisticas/index/:0
[   19292ms] [ERROR] HTTP Error: 502 -  @ https://cdn.chavesnamao.com.br/portal-staging/build/c2ca03d6696a956309c5e22c717f1b60dbdee75f/_next/static/chunks/39458-912b00123e196dc4.js:5
[   23775ms] [WARNING] The resource https://cdn.chavesnamao.com.br/common/logos/favicon.ico was preloaded using link preload but not used within a few seconds from the window's load event. Please make sure it has an appropriate `as` value and it is preloaded intentionally. @ https://staging.chavesnamao.com.br/imoveis/brasil/?filtro=are:[5+12]:0
[   23775ms] [WARNING] The resource https://cdn.chavesnamao.com.br/portal-staging/build/c2ca03d6696a956309c5e22c717f1b60dbdee75f/_next/static/chunks/31854.98606b1ad92f83ad.js was preloaded using link preload but not used within a few seconds from the window's load event. Please make sure it has an appropriate `as` value and it is preloaded intentionally. @ https://staging.chavesnamao.com.br/imoveis/brasil/?filtro=are:[5+12]:0
[   23775ms] [WARNING] The resource https://cdn.consentmanager.net/delivery/js/cmp_en.min.js was preloaded using link preload but not used within a few seconds from the window's load event. Please make sure it has an appropriate `as` value and it is preloaded intentionally. @ https://staging.chavesnamao.com.br/imoveis/brasil/?filtro=are:[5+12]:0
[   23775ms] [WARNING] The resource https://cdn.chavesnamao.com.br/portal/static/images/icons/icon-192x192.png was preloaded using link preload but not used within a few seconds from the window's load event. Please make sure it has an appropriate `as` value and it is preloaded intentionally. @ https://staging.chavesnamao.com.br/imoveis/brasil/?filtro=are:[5+12]:0
