[     280ms] [ERROR] Failed to load resource: the server responded with a status of 502 () @ https://staging.chavesnamao.com.br/manifest.json:0
[     280ms] [ERROR] Manifest fetch from https://staging.chavesnamao.com.br/manifest.json failed, code 502 @ https://staging.chavesnamao.com.br/imovel/apartamento-a-venda-3-quartos-com-garagem-sp-sao-paulo-pinheiros-120m2-RS1450000/id-39529792/:34
[     511ms] [ERROR] Failed to load resource: the server responded with a status of 502 () @ https://staging.chavesnamao.com.br/manifest.json:0
[     512ms] [ERROR] Manifest fetch from https://staging.chavesnamao.com.br/manifest.json failed, code 502 @ https://staging.chavesnamao.com.br/imovel/apartamento-a-venda-3-quartos-com-garagem-sp-sao-paulo-pinheiros-120m2-RS1450000/id-39529792/:0
[    1065ms] Uncaught Error: Minified React error #418; visit https://react.dev/errors/418?args[]=text&args[]= for the full message or use the non-minified dev environment for full errors and additional helpful warnings.
    at rD (https://cdn.chavesnamao.com.br/portal-staging/build/933dbef79d745656996e9086f345d2e015bbdb14/_next/static/chunks/87c73c54-661db6dff56ce357.js:0:35443)
    at <anonymous> (https://cdn.chavesnamao.com.br/portal-staging/build/933dbef79d745656996e9086f345d2e015bbdb14/_next/static/chunks/87c73c54-661db6dff56ce357.js:0:120032)
    at ix (https://cdn.chavesnamao.com.br/portal-staging/build/933dbef79d745656996e9086f345d2e015bbdb14/_next/static/chunks/87c73c54-661db6dff56ce357.js:0:123336)
    at ik (https://cdn.chavesnamao.com.br/portal-staging/build/933dbef79d745656996e9086f345d2e015bbdb14/_next/static/chunks/87c73c54-661db6dff56ce357.js:0:115124)
    at <anonymous> (https://cdn.chavesnamao.com.br/portal-staging/build/933dbef79d745656996e9086f345d2e015bbdb14/_next/static/chunks/87c73c54-661db6dff56ce357.js:0:111111)
    at iu (https://cdn.chavesnamao.com.br/portal-staging/build/933dbef79d745656996e9086f345d2e015bbdb14/_next/static/chunks/87c73c54-661db6dff56ce357.js:0:111212)
    at iX (https://cdn.chavesnamao.com.br/portal-staging/build/933dbef79d745656996e9086f345d2e015bbdb14/_next/static/chunks/87c73c54-661db6dff56ce357.js:0:133315)
    at x (https://cdn.chavesnamao.com.br/portal-staging/build/933dbef79d745656996e9086f345d2e015bbdb14/_next/static/chunks/39458-b06b6711bad10ab5.js:2:2720)
[    1064ms] [ERROR] Failed to load resource: the server responded with a status of 502 () @ https://staging.chavesnamao.com.br/imoveis/estatisticas/visitas/:0
[    1064ms] [ERROR] HTTP Error: 502 -  @ https://cdn.chavesnamao.com.br/portal-staging/build/933dbef79d745656996e9086f345d2e015bbdb14/_next/static/chunks/39458-b06b6711bad10ab5.js:5
[    4960ms] [WARNING] The resource https://cdn.chavesnamao.com.br/portal/static/images/icons/icon-192x192.png was preloaded using link preload but not used within a few seconds from the window's load event. Please make sure it has an appropriate `as` value and it is preloaded intentionally. @ https://staging.chavesnamao.com.br/imovel/apartamento-a-venda-3-quartos-com-garagem-sp-sao-paulo-pinheiros-120m2-RS1450000/id-39529792/:0
[    4960ms] [WARNING] The resource https://cdn.chavesnamao.com.br/common/logos/favicon.ico was preloaded using link preload but not used within a few seconds from the window's load event. Please make sure it has an appropriate `as` value and it is preloaded intentionally. @ https://staging.chavesnamao.com.br/imovel/apartamento-a-venda-3-quartos-com-garagem-sp-sao-paulo-pinheiros-120m2-RS1450000/id-39529792/:0
[    9168ms] [WARNING] The resource https://cdn.chavesnamao.com.br/portal/static/images/icons/icon-192x192.png was preloaded using link preload but not used within a few seconds from the window's load event. Please make sure it has an appropriate `as` value and it is preloaded intentionally. @ https://staging.chavesnamao.com.br/imovel/apartamento-a-venda-3-quartos-com-garagem-sp-sao-paulo-pinheiros-120m2-RS1450000/id-39529792/:0
[    9168ms] [WARNING] The resource https://cdn.chavesnamao.com.br/common/logos/favicon.ico was preloaded using link preload but not used within a few seconds from the window's load event. Please make sure it has an appropriate `as` value and it is preloaded intentionally. @ https://staging.chavesnamao.com.br/imovel/apartamento-a-venda-3-quartos-com-garagem-sp-sao-paulo-pinheiros-120m2-RS1450000/id-39529792/:0
[   10866ms] [LOG] ✅ body available @ https://cdn.chavesnamao.com.br/portal-staging/build/933dbef79d745656996e9086f345d2e015bbdb14/_next/static/chunks/39458-b06b6711bad10ab5.js:5
[   11656ms] [WARNING] [GPT] PubAdsService.setTargeting is deprecated, use googletag.setConfig({targeting: ...}) instead.
https://goo.gle/gpt-message#170 @ https://cdn.chavesnamao.com.br/portal-staging/build/933dbef79d745656996e9086f345d2e015bbdb14/_next/static/chunks/39458-b06b6711bad10ab5.js:5
[   11898ms] [WARNING] [GPT] Using deprecated googletag.encryptedSignalProviders. Please use googletag.secureSignalProviders instead.
https://goo.gle/gpt-message#155 @ https://cdn.chavesnamao.com.br/portal-staging/build/933dbef79d745656996e9086f345d2e015bbdb14/_next/static/chunks/39458-b06b6711bad10ab5.js:5
[   12903ms] [WARNING] [GPT] Using deprecated googletag.encryptedSignalProviders. Please use googletag.secureSignalProviders instead.
https://goo.gle/gpt-message#155 @ https://cdn.chavesnamao.com.br/portal-staging/build/933dbef79d745656996e9086f345d2e015bbdb14/_next/static/chunks/39458-b06b6711bad10ab5.js:5
[   16062ms] [WARNING] The resource https://cdn.consentmanager.net/delivery/js/cmp_en.min.js was preloaded using link preload but not used within a few seconds from the window's load event. Please make sure it has an appropriate `as` value and it is preloaded intentionally. @ https://staging.chavesnamao.com.br/imovel/apartamento-a-venda-3-quartos-com-garagem-sp-sao-paulo-pinheiros-120m2-RS1450000/id-39529792/:0
[   16062ms] [WARNING] The resource https://cdn.chavesnamao.com.br/portal/static/images/icons/icon-192x192.png was preloaded using link preload but not used within a few seconds from the window's load event. Please make sure it has an appropriate `as` value and it is preloaded intentionally. @ https://staging.chavesnamao.com.br/imovel/apartamento-a-venda-3-quartos-com-garagem-sp-sao-paulo-pinheiros-120m2-RS1450000/id-39529792/:0
[   16062ms] [WARNING] The resource https://cdn.chavesnamao.com.br/common/logos/favicon.ico was preloaded using link preload but not used within a few seconds from the window's load event. Please make sure it has an appropriate `as` value and it is preloaded intentionally. @ https://staging.chavesnamao.com.br/imovel/apartamento-a-venda-3-quartos-com-garagem-sp-sao-paulo-pinheiros-120m2-RS1450000/id-39529792/:0
[   19877ms] [WARNING] The resource https://cdn.consentmanager.net/delivery/js/cmp_en.min.js was preloaded using link preload but not used within a few seconds from the window's load event. Please make sure it has an appropriate `as` value and it is preloaded intentionally. @ https://staging.chavesnamao.com.br/imovel/apartamento-a-venda-3-quartos-com-garagem-sp-sao-paulo-pinheiros-120m2-RS1450000/id-39529792/:0
[   19877ms] [WARNING] The resource https://cdn.chavesnamao.com.br/portal/static/images/icons/icon-192x192.png was preloaded using link preload but not used within a few seconds from the window's load event. Please make sure it has an appropriate `as` value and it is preloaded intentionally. @ https://staging.chavesnamao.com.br/imovel/apartamento-a-venda-3-quartos-com-garagem-sp-sao-paulo-pinheiros-120m2-RS1450000/id-39529792/:0
[   19877ms] [WARNING] The resource https://cdn.chavesnamao.com.br/common/logos/favicon.ico was preloaded using link preload but not used within a few seconds from the window's load event. Please make sure it has an appropriate `as` value and it is preloaded intentionally. @ https://staging.chavesnamao.com.br/imovel/apartamento-a-venda-3-quartos-com-garagem-sp-sao-paulo-pinheiros-120m2-RS1450000/id-39529792/:0
[   37899ms] [ERROR] Failed to load resource: the server responded with a status of 502 () @ https://staging.chavesnamao.com.br/manifest.json:0
[   37899ms] [ERROR] Manifest fetch from https://staging.chavesnamao.com.br/manifest.json failed, code 502 @ https://staging.chavesnamao.com.br/imovel/apartamento-a-venda-3-quartos-com-garagem-sp-sao-paulo-pinheiros-120m2-RS1450000/id-39529792/:0
[   37948ms] [ERROR] Failed to load resource: the server responded with a status of 502 () @ https://staging.chavesnamao.com.br/manifest.json:0
[   37948ms] [ERROR] Manifest fetch from https://staging.chavesnamao.com.br/manifest.json failed, code 502 @ https://staging.chavesnamao.com.br/imovel/apartamento-a-venda-3-quartos-com-garagem-sp-sao-paulo-pinheiros-120m2-RS1450000/id-39529792/:0
[   38589ms] [ERROR] Failed to load resource: the server responded with a status of 502 () @ https://staging.chavesnamao.com.br/imoveis/estatisticas/visitas/:0
[   38590ms] [ERROR] HTTP Error: 502 -  @ https://cdn.chavesnamao.com.br/portal-staging/build/933dbef79d745656996e9086f345d2e015bbdb14/_next/static/chunks/39458-b06b6711bad10ab5.js:5
[   38630ms] Uncaught Error: Minified React error #418; visit https://react.dev/errors/418?args[]=text&args[]= for the full message or use the non-minified dev environment for full errors and additional helpful warnings.
    at rD (https://cdn.chavesnamao.com.br/portal-staging/build/933dbef79d745656996e9086f345d2e015bbdb14/_next/static/chunks/87c73c54-661db6dff56ce357.js:0:35443)
    at <anonymous> (https://cdn.chavesnamao.com.br/portal-staging/build/933dbef79d745656996e9086f345d2e015bbdb14/_next/static/chunks/87c73c54-661db6dff56ce357.js:0:120032)
    at ix (https://cdn.chavesnamao.com.br/portal-staging/build/933dbef79d745656996e9086f345d2e015bbdb14/_next/static/chunks/87c73c54-661db6dff56ce357.js:0:123336)
    at ik (https://cdn.chavesnamao.com.br/portal-staging/build/933dbef79d745656996e9086f345d2e015bbdb14/_next/static/chunks/87c73c54-661db6dff56ce357.js:0:115124)
    at <anonymous> (https://cdn.chavesnamao.com.br/portal-staging/build/933dbef79d745656996e9086f345d2e015bbdb14/_next/static/chunks/87c73c54-661db6dff56ce357.js:0:111111)
    at iu (https://cdn.chavesnamao.com.br/portal-staging/build/933dbef79d745656996e9086f345d2e015bbdb14/_next/static/chunks/87c73c54-661db6dff56ce357.js:0:111212)
    at iX (https://cdn.chavesnamao.com.br/portal-staging/build/933dbef79d745656996e9086f345d2e015bbdb14/_next/static/chunks/87c73c54-661db6dff56ce357.js:0:133315)
    at x (https://cdn.chavesnamao.com.br/portal-staging/build/933dbef79d745656996e9086f345d2e015bbdb14/_next/static/chunks/39458-b06b6711bad10ab5.js:2:2720)
[   42292ms] [WARNING] The resource https://cdn.chavesnamao.com.br/portal/static/images/icons/icon-192x192.png was preloaded using link preload but not used within a few seconds from the window's load event. Please make sure it has an appropriate `as` value and it is preloaded intentionally. @ https://staging.chavesnamao.com.br/imovel/apartamento-a-venda-3-quartos-com-garagem-sp-sao-paulo-pinheiros-120m2-RS1450000/id-39529792/:0
[   42293ms] [WARNING] The resource https://cdn.chavesnamao.com.br/common/logos/favicon.ico was preloaded using link preload but not used within a few seconds from the window's load event. Please make sure it has an appropriate `as` value and it is preloaded intentionally. @ https://staging.chavesnamao.com.br/imovel/apartamento-a-venda-3-quartos-com-garagem-sp-sao-paulo-pinheiros-120m2-RS1450000/id-39529792/:0
[   46702ms] [WARNING] The resource https://cdn.chavesnamao.com.br/portal/static/images/icons/icon-192x192.png was preloaded using link preload but not used within a few seconds from the window's load event. Please make sure it has an appropriate `as` value and it is preloaded intentionally. @ https://staging.chavesnamao.com.br/imovel/apartamento-a-venda-3-quartos-com-garagem-sp-sao-paulo-pinheiros-120m2-RS1450000/id-39529792/:0
[   46702ms] [WARNING] The resource https://cdn.chavesnamao.com.br/common/logos/favicon.ico was preloaded using link preload but not used within a few seconds from the window's load event. Please make sure it has an appropriate `as` value and it is preloaded intentionally. @ https://staging.chavesnamao.com.br/imovel/apartamento-a-venda-3-quartos-com-garagem-sp-sao-paulo-pinheiros-120m2-RS1450000/id-39529792/:0
[   48419ms] [LOG] ✅ body available @ https://cdn.chavesnamao.com.br/portal-staging/build/933dbef79d745656996e9086f345d2e015bbdb14/_next/static/chunks/39458-b06b6711bad10ab5.js:5
[   49212ms] [WARNING] [GPT] PubAdsService.setTargeting is deprecated, use googletag.setConfig({targeting: ...}) instead.
https://goo.gle/gpt-message#170 @ https://cdn.chavesnamao.com.br/portal-staging/build/933dbef79d745656996e9086f345d2e015bbdb14/_next/static/chunks/39458-b06b6711bad10ab5.js:5
[   49472ms] [WARNING] [GPT] Using deprecated googletag.encryptedSignalProviders. Please use googletag.secureSignalProviders instead.
https://goo.gle/gpt-message#155 @ https://cdn.chavesnamao.com.br/portal-staging/build/933dbef79d745656996e9086f345d2e015bbdb14/_next/static/chunks/39458-b06b6711bad10ab5.js:5
[   50484ms] [WARNING] [GPT] Using deprecated googletag.encryptedSignalProviders. Please use googletag.secureSignalProviders instead.
https://goo.gle/gpt-message#155 @ https://cdn.chavesnamao.com.br/portal-staging/build/933dbef79d745656996e9086f345d2e015bbdb14/_next/static/chunks/39458-b06b6711bad10ab5.js:5
[   53653ms] [WARNING] The resource https://cdn.chavesnamao.com.br/common/logos/favicon.ico was preloaded using link preload but not used within a few seconds from the window's load event. Please make sure it has an appropriate `as` value and it is preloaded intentionally. @ https://staging.chavesnamao.com.br/imovel/apartamento-a-venda-3-quartos-com-garagem-sp-sao-paulo-pinheiros-120m2-RS1450000/id-39529792/:0
[   53653ms] [WARNING] The resource https://cdn.consentmanager.net/delivery/js/cmp_en.min.js was preloaded using link preload but not used within a few seconds from the window's load event. Please make sure it has an appropriate `as` value and it is preloaded intentionally. @ https://staging.chavesnamao.com.br/imovel/apartamento-a-venda-3-quartos-com-garagem-sp-sao-paulo-pinheiros-120m2-RS1450000/id-39529792/:0
[   53653ms] [WARNING] The resource https://cdn.chavesnamao.com.br/portal/static/images/icons/icon-192x192.png was preloaded using link preload but not used within a few seconds from the window's load event. Please make sure it has an appropriate `as` value and it is preloaded intentionally. @ https://staging.chavesnamao.com.br/imovel/apartamento-a-venda-3-quartos-com-garagem-sp-sao-paulo-pinheiros-120m2-RS1450000/id-39529792/:0
[   57439ms] [WARNING] The resource https://cdn.chavesnamao.com.br/common/logos/favicon.ico was preloaded using link preload but not used within a few seconds from the window's load event. Please make sure it has an appropriate `as` value and it is preloaded intentionally. @ https://staging.chavesnamao.com.br/imovel/apartamento-a-venda-3-quartos-com-garagem-sp-sao-paulo-pinheiros-120m2-RS1450000/id-39529792/:0
[   57439ms] [WARNING] The resource https://cdn.consentmanager.net/delivery/js/cmp_en.min.js was preloaded using link preload but not used within a few seconds from the window's load event. Please make sure it has an appropriate `as` value and it is preloaded intentionally. @ https://staging.chavesnamao.com.br/imovel/apartamento-a-venda-3-quartos-com-garagem-sp-sao-paulo-pinheiros-120m2-RS1450000/id-39529792/:0
[   57439ms] [WARNING] The resource https://cdn.chavesnamao.com.br/portal/static/images/icons/icon-192x192.png was preloaded using link preload but not used within a few seconds from the window's load event. Please make sure it has an appropriate `as` value and it is preloaded intentionally. @ https://staging.chavesnamao.com.br/imovel/apartamento-a-venda-3-quartos-com-garagem-sp-sao-paulo-pinheiros-120m2-RS1450000/id-39529792/:0
[   75588ms] [ERROR] Failed to load resource: the server responded with a status of 502 () @ https://staging.chavesnamao.com.br/manifest.json:0
[   75588ms] [ERROR] Manifest fetch from https://staging.chavesnamao.com.br/manifest.json failed, code 502 @ https://staging.chavesnamao.com.br/imovel/apartamento-a-venda-3-quartos-com-garagem-sp-sao-paulo-pinheiros-120m2-RS1450000/id-39529792/:0
[   75639ms] [ERROR] Failed to load resource: the server responded with a status of 502 () @ https://staging.chavesnamao.com.br/manifest.json:0
[   75639ms] [ERROR] Manifest fetch from https://staging.chavesnamao.com.br/manifest.json failed, code 502 @ https://staging.chavesnamao.com.br/imovel/apartamento-a-venda-3-quartos-com-garagem-sp-sao-paulo-pinheiros-120m2-RS1450000/id-39529792/:0
[   76246ms] Uncaught Error: Minified React error #418; visit https://react.dev/errors/418?args[]=text&args[]= for the full message or use the non-minified dev environment for full errors and additional helpful warnings.
    at rD (https://cdn.chavesnamao.com.br/portal-staging/build/933dbef79d745656996e9086f345d2e015bbdb14/_next/static/chunks/87c73c54-661db6dff56ce357.js:0:35443)
    at <anonymous> (https://cdn.chavesnamao.com.br/portal-staging/build/933dbef79d745656996e9086f345d2e015bbdb14/_next/static/chunks/87c73c54-661db6dff56ce357.js:0:120032)
    at ix (https://cdn.chavesnamao.com.br/portal-staging/build/933dbef79d745656996e9086f345d2e015bbdb14/_next/static/chunks/87c73c54-661db6dff56ce357.js:0:123336)
    at ik (https://cdn.chavesnamao.com.br/portal-staging/build/933dbef79d745656996e9086f345d2e015bbdb14/_next/static/chunks/87c73c54-661db6dff56ce357.js:0:115124)
    at <anonymous> (https://cdn.chavesnamao.com.br/portal-staging/build/933dbef79d745656996e9086f345d2e015bbdb14/_next/static/chunks/87c73c54-661db6dff56ce357.js:0:111111)
    at iu (https://cdn.chavesnamao.com.br/portal-staging/build/933dbef79d745656996e9086f345d2e015bbdb14/_next/static/chunks/87c73c54-661db6dff56ce357.js:0:111212)
    at iX (https://cdn.chavesnamao.com.br/portal-staging/build/933dbef79d745656996e9086f345d2e015bbdb14/_next/static/chunks/87c73c54-661db6dff56ce357.js:0:133315)
    at x (https://cdn.chavesnamao.com.br/portal-staging/build/933dbef79d745656996e9086f345d2e015bbdb14/_next/static/chunks/39458-b06b6711bad10ab5.js:2:2720)
[   76253ms] [ERROR] Failed to load resource: the server responded with a status of 502 () @ https://staging.chavesnamao.com.br/imoveis/estatisticas/visitas/:0
[   76253ms] [ERROR] HTTP Error: 502 -  @ https://cdn.chavesnamao.com.br/portal-staging/build/933dbef79d745656996e9086f345d2e015bbdb14/_next/static/chunks/39458-b06b6711bad10ab5.js:5
[   78081ms] [LOG] ✅ body available @ https://cdn.chavesnamao.com.br/portal-staging/build/933dbef79d745656996e9086f345d2e015bbdb14/_next/static/chunks/39458-b06b6711bad10ab5.js:5
[   78858ms] [WARNING] [GPT] PubAdsService.setTargeting is deprecated, use googletag.setConfig({targeting: ...}) instead.
https://goo.gle/gpt-message#170 @ https://cdn.chavesnamao.com.br/portal-staging/build/933dbef79d745656996e9086f345d2e015bbdb14/_next/static/chunks/39458-b06b6711bad10ab5.js:5
[   79104ms] [WARNING] [GPT] Using deprecated googletag.encryptedSignalProviders. Please use googletag.secureSignalProviders instead.
https://goo.gle/gpt-message#155 @ https://cdn.chavesnamao.com.br/portal-staging/build/933dbef79d745656996e9086f345d2e015bbdb14/_next/static/chunks/39458-b06b6711bad10ab5.js:5
[   80112ms] [WARNING] [GPT] Using deprecated googletag.encryptedSignalProviders. Please use googletag.secureSignalProviders instead.
https://goo.gle/gpt-message#155 @ https://cdn.chavesnamao.com.br/portal-staging/build/933dbef79d745656996e9086f345d2e015bbdb14/_next/static/chunks/39458-b06b6711bad10ab5.js:5
[   89237ms] [WARNING] The resource https://cdn.chavesnamao.com.br/common/logos/favicon.ico was preloaded using link preload but not used within a few seconds from the window's load event. Please make sure it has an appropriate `as` value and it is preloaded intentionally. @ https://staging.chavesnamao.com.br/imovel/apartamento-a-venda-3-quartos-com-garagem-sp-sao-paulo-pinheiros-120m2-RS1450000/id-39529792/:0
[   89237ms] [WARNING] The resource https://cdn.consentmanager.net/delivery/js/cmp_en.min.js was preloaded using link preload but not used within a few seconds from the window's load event. Please make sure it has an appropriate `as` value and it is preloaded intentionally. @ https://staging.chavesnamao.com.br/imovel/apartamento-a-venda-3-quartos-com-garagem-sp-sao-paulo-pinheiros-120m2-RS1450000/id-39529792/:0
[   89237ms] [WARNING] The resource https://cdn.chavesnamao.com.br/portal/static/images/icons/icon-192x192.png was preloaded using link preload but not used within a few seconds from the window's load event. Please make sure it has an appropriate `as` value and it is preloaded intentionally. @ https://staging.chavesnamao.com.br/imovel/apartamento-a-venda-3-quartos-com-garagem-sp-sao-paulo-pinheiros-120m2-RS1450000/id-39529792/:0
[  110686ms] [WARNING] The resource https://cdn.chavesnamao.com.br/common/logos/favicon.ico was preloaded using link preload but not used within a few seconds from the window's load event. Please make sure it has an appropriate `as` value and it is preloaded intentionally. @ https://staging.chavesnamao.com.br/imovel/apartamento-a-venda-3-quartos-com-garagem-sp-sao-paulo-pinheiros-120m2-RS1450000/id-39529792/:0
[  110686ms] [WARNING] The resource https://cdn.consentmanager.net/delivery/js/cmp_en.min.js was preloaded using link preload but not used within a few seconds from the window's load event. Please make sure it has an appropriate `as` value and it is preloaded intentionally. @ https://staging.chavesnamao.com.br/imovel/apartamento-a-venda-3-quartos-com-garagem-sp-sao-paulo-pinheiros-120m2-RS1450000/id-39529792/:0
[  110686ms] [WARNING] The resource https://cdn.chavesnamao.com.br/portal/static/images/icons/icon-192x192.png was preloaded using link preload but not used within a few seconds from the window's load event. Please make sure it has an appropriate `as` value and it is preloaded intentionally. @ https://staging.chavesnamao.com.br/imovel/apartamento-a-venda-3-quartos-com-garagem-sp-sao-paulo-pinheiros-120m2-RS1450000/id-39529792/:0
[  268108ms] [WARNING] The resource https://cdn.chavesnamao.com.br/common/logos/favicon.ico was preloaded using link preload but not used within a few seconds from the window's load event. Please make sure it has an appropriate `as` value and it is preloaded intentionally. @ https://staging.chavesnamao.com.br/imovel/apartamento-a-venda-3-quartos-com-garagem-sp-sao-paulo-pinheiros-120m2-RS1450000/id-39529792/:0
[  268108ms] [WARNING] The resource https://cdn.consentmanager.net/delivery/js/cmp_en.min.js was preloaded using link preload but not used within a few seconds from the window's load event. Please make sure it has an appropriate `as` value and it is preloaded intentionally. @ https://staging.chavesnamao.com.br/imovel/apartamento-a-venda-3-quartos-com-garagem-sp-sao-paulo-pinheiros-120m2-RS1450000/id-39529792/:0
[  268108ms] [WARNING] The resource https://cdn.chavesnamao.com.br/portal/static/images/icons/icon-192x192.png was preloaded using link preload but not used within a few seconds from the window's load event. Please make sure it has an appropriate `as` value and it is preloaded intentionally. @ https://staging.chavesnamao.com.br/imovel/apartamento-a-venda-3-quartos-com-garagem-sp-sao-paulo-pinheiros-120m2-RS1450000/id-39529792/:0
[  297380ms] [WARNING] The resource https://cdn.chavesnamao.com.br/common/logos/favicon.ico was preloaded using link preload but not used within a few seconds from the window's load event. Please make sure it has an appropriate `as` value and it is preloaded intentionally. @ https://staging.chavesnamao.com.br/imovel/apartamento-a-venda-3-quartos-com-garagem-sp-sao-paulo-pinheiros-120m2-RS1450000/id-39529792/:0
[  297380ms] [WARNING] The resource https://cdn.consentmanager.net/delivery/js/cmp_en.min.js was preloaded using link preload but not used within a few seconds from the window's load event. Please make sure it has an appropriate `as` value and it is preloaded intentionally. @ https://staging.chavesnamao.com.br/imovel/apartamento-a-venda-3-quartos-com-garagem-sp-sao-paulo-pinheiros-120m2-RS1450000/id-39529792/:0
[  297380ms] [WARNING] The resource https://cdn.chavesnamao.com.br/portal/static/images/icons/icon-192x192.png was preloaded using link preload but not used within a few seconds from the window's load event. Please make sure it has an appropriate `as` value and it is preloaded intentionally. @ https://staging.chavesnamao.com.br/imovel/apartamento-a-venda-3-quartos-com-garagem-sp-sao-paulo-pinheiros-120m2-RS1450000/id-39529792/:0
