[     124ms] [ERROR] Failed to load resource: the server responded with a status of 502 () @ https://staging.chavesnamao.com.br/manifest.json:0
[     124ms] [ERROR] Manifest fetch from https://staging.chavesnamao.com.br/manifest.json failed, code 502 @ https://staging.chavesnamao.com.br/imovel/apartamento-a-venda-2-quartos-com-garagem-sp-sao-paulo-belenzinho-RS1630000/id-25691568/:0
[     228ms] [ERROR] Failed to load resource: the server responded with a status of 502 () @ https://staging.chavesnamao.com.br/manifest.json:0
[     228ms] [ERROR] Manifest fetch from https://staging.chavesnamao.com.br/manifest.json failed, code 502 @ https://staging.chavesnamao.com.br/imovel/apartamento-a-venda-2-quartos-com-garagem-sp-sao-paulo-belenzinho-RS1630000/id-25691568/:0
[     953ms] [ERROR] Failed to load resource: the server responded with a status of 502 () @ https://staging.chavesnamao.com.br/imoveis/estatisticas/visitas/:0
[     954ms] [ERROR] HTTP Error: 502 -  @ https://cdn.chavesnamao.com.br/portal-staging/build/933dbef79d745656996e9086f345d2e015bbdb14/_next/static/chunks/39458-b06b6711bad10ab5.js:5
[    1013ms] Uncaught Error: Minified React error #418; visit https://react.dev/errors/418?args[]=text&args[]= for the full message or use the non-minified dev environment for full errors and additional helpful warnings.
    at rD (https://cdn.chavesnamao.com.br/portal-staging/build/933dbef79d745656996e9086f345d2e015bbdb14/_next/static/chunks/87c73c54-661db6dff56ce357.js:0:35443)
    at <anonymous> (https://cdn.chavesnamao.com.br/portal-staging/build/933dbef79d745656996e9086f345d2e015bbdb14/_next/static/chunks/87c73c54-661db6dff56ce357.js:0:120032)
    at ix (https://cdn.chavesnamao.com.br/portal-staging/build/933dbef79d745656996e9086f345d2e015bbdb14/_next/static/chunks/87c73c54-661db6dff56ce357.js:0:123336)
    at ik (https://cdn.chavesnamao.com.br/portal-staging/build/933dbef79d745656996e9086f345d2e015bbdb14/_next/static/chunks/87c73c54-661db6dff56ce357.js:0:115124)
    at <anonymous> (https://cdn.chavesnamao.com.br/portal-staging/build/933dbef79d745656996e9086f345d2e015bbdb14/_next/static/chunks/87c73c54-661db6dff56ce357.js:0:111111)
    at iu (https://cdn.chavesnamao.com.br/portal-staging/build/933dbef79d745656996e9086f345d2e015bbdb14/_next/static/chunks/87c73c54-661db6dff56ce357.js:0:111212)
    at iX (https://cdn.chavesnamao.com.br/portal-staging/build/933dbef79d745656996e9086f345d2e015bbdb14/_next/static/chunks/87c73c54-661db6dff56ce357.js:0:133315)
    at x (https://cdn.chavesnamao.com.br/portal-staging/build/933dbef79d745656996e9086f345d2e015bbdb14/_next/static/chunks/39458-b06b6711bad10ab5.js:2:2720)
[    2862ms] [LOG] ✅ body available @ https://cdn.chavesnamao.com.br/portal-staging/build/933dbef79d745656996e9086f345d2e015bbdb14/_next/static/chunks/39458-b06b6711bad10ab5.js:5
[    3313ms] [LOG] ✅ body available @ https://cdn.chavesnamao.com.br/portal-staging/build/933dbef79d745656996e9086f345d2e015bbdb14/_next/static/chunks/39458-b06b6711bad10ab5.js:5
[    3694ms] [WARNING] [GPT] PubAdsService.setTargeting is deprecated, use googletag.setConfig({targeting: ...}) instead.
https://goo.gle/gpt-message#170 @ https://cdn.chavesnamao.com.br/portal-staging/build/933dbef79d745656996e9086f345d2e015bbdb14/_next/static/chunks/39458-b06b6711bad10ab5.js:5
[    4004ms] [WARNING] [GPT] Using deprecated googletag.encryptedSignalProviders. Please use googletag.secureSignalProviders instead.
https://goo.gle/gpt-message#155 @ https://cdn.chavesnamao.com.br/portal-staging/build/933dbef79d745656996e9086f345d2e015bbdb14/_next/static/chunks/39458-b06b6711bad10ab5.js:5
[    5043ms] [WARNING] [GPT] Using deprecated googletag.encryptedSignalProviders. Please use googletag.secureSignalProviders instead.
https://goo.gle/gpt-message#155 @ https://cdn.chavesnamao.com.br/portal-staging/build/933dbef79d745656996e9086f345d2e015bbdb14/_next/static/chunks/39458-b06b6711bad10ab5.js:5
[   11873ms] [WARNING] The resource https://cdn.chavesnamao.com.br/common/logos/favicon.ico was preloaded using link preload but not used within a few seconds from the window's load event. Please make sure it has an appropriate `as` value and it is preloaded intentionally. @ https://staging.chavesnamao.com.br/imovel/apartamento-a-venda-2-quartos-com-garagem-sp-sao-paulo-belenzinho-RS1630000/id-25691568/:0
[   11873ms] [WARNING] The resource https://cdn.consentmanager.net/delivery/js/cmp_en.min.js was preloaded using link preload but not used within a few seconds from the window's load event. Please make sure it has an appropriate `as` value and it is preloaded intentionally. @ https://staging.chavesnamao.com.br/imovel/apartamento-a-venda-2-quartos-com-garagem-sp-sao-paulo-belenzinho-RS1630000/id-25691568/:0
[   11873ms] [WARNING] The resource https://cdn.chavesnamao.com.br/portal/static/images/icons/icon-192x192.png was preloaded using link preload but not used within a few seconds from the window's load event. Please make sure it has an appropriate `as` value and it is preloaded intentionally. @ https://staging.chavesnamao.com.br/imovel/apartamento-a-venda-2-quartos-com-garagem-sp-sao-paulo-belenzinho-RS1630000/id-25691568/:0
